2019-04-15 16:31:57,414 [Worker-8] INFO  o.e.m.c.i.p.ProjectConfigurationManager - Collecting project info '/pom.xml' /Users/sachin/Documents/RESTApiTests/RestApiTests/pom.xml
2019-04-15 16:31:59,270 [Worker-8] INFO  o.e.m.c.i.l.LifecycleMappingFactory - Using org.eclipse.m2e.jdt.JarLifecycleMapping lifecycle mapping for MavenProject: com.RESTapiTests:RestApiTests:0.0.1-SNAPSHOT @ /Users/sachin/Documents/RESTApiTests/RestApiTests/pom.xml.
2019-04-15 16:32:01,041 [Worker-8] INFO  o.e.m.j.i.AbstractJavaProjectConfigurator - Adding source folder /RestApiTests/src/main/java
2019-04-15 16:32:01,043 [Worker-8] INFO  o.e.m.j.i.AbstractJavaProjectConfigurator - Adding source folder /RestApiTests/src/test/java
2019-04-15 16:32:02,010 [Worker-8] INFO  o.e.m.c.i.p.ProjectConfigurationManager - Imported and configured 1 project(s) in 4 sec
2019-04-15 16:32:02,805 [Worker-18] INFO  o.e.m.c.i.embedder.EclipseLogger - Using 'UTF-8' encoding to copy filtered resources.
2019-04-15 16:32:02,806 [Worker-18] INFO  o.e.m.c.i.embedder.EclipseLogger - skip non existing resourceDirectory /Users/sachin/Documents/RESTApiTests/RestApiTests/src/main/resources
2019-04-15 16:32:02,807 [Worker-18] INFO  o.e.m.c.i.embedder.EclipseLogger - Using 'UTF-8' encoding to copy filtered resources.
2019-04-15 16:32:02,808 [Worker-18] INFO  o.e.m.c.i.embedder.EclipseLogger - skip non existing resourceDirectory /Users/sachin/Documents/RESTApiTests/RestApiTests/src/test/resources
2019-04-15 16:34:07,253 [Worker-18] INFO  o.e.m.c.i.l.LifecycleMappingFactory - Using org.eclipse.m2e.jdt.JarLifecycleMapping lifecycle mapping for MavenProject: com.RESTapiTests:RestApiTests:0.0.1-SNAPSHOT @ /Users/sachin/Documents/RESTApiTests/RestApiTests/pom.xml.
2019-04-15 16:34:08,246 [Worker-18] INFO  o.e.m.c.i.embedder.EclipseLogger - Using 'UTF-8' encoding to copy filtered resources.
2019-04-15 16:34:08,247 [Worker-18] INFO  o.e.m.c.i.embedder.EclipseLogger - skip non existing resourceDirectory /Users/sachin/Documents/RESTApiTests/RestApiTests/src/main/resources
2019-04-15 16:34:08,248 [Worker-18] INFO  o.e.m.c.i.embedder.EclipseLogger - Using 'UTF-8' encoding to copy filtered resources.
2019-04-15 16:34:08,248 [Worker-18] INFO  o.e.m.c.i.embedder.EclipseLogger - skip non existing resourceDirectory /Users/sachin/Documents/RESTApiTests/RestApiTests/src/test/resources
2019-04-15 16:34:09,513 [Worker-19] INFO  o.e.m.c.i.embedder.EclipseLogger - Using 'UTF-8' encoding to copy filtered resources.
2019-04-15 16:34:09,513 [Worker-19] INFO  o.e.m.c.i.embedder.EclipseLogger - skip non existing resourceDirectory /Users/sachin/Documents/RESTApiTests/RestApiTests/src/main/resources
2019-04-15 16:34:09,514 [Worker-19] INFO  o.e.m.c.i.embedder.EclipseLogger - Using 'UTF-8' encoding to copy filtered resources.
2019-04-15 16:34:09,514 [Worker-19] INFO  o.e.m.c.i.embedder.EclipseLogger - skip non existing resourceDirectory /Users/sachin/Documents/RESTApiTests/RestApiTests/src/test/resources
2019-04-15 16:56:52,430 [Worker-22] INFO  o.e.m.c.i.embedder.EclipseLogger - Using 'UTF-8' encoding to copy filtered resources.
2019-04-15 16:56:52,430 [Worker-22] INFO  o.e.m.c.i.embedder.EclipseLogger - skip non existing resourceDirectory /Users/sachin/Documents/RESTApiTests/RestApiTests/src/main/resources
2019-04-15 16:56:52,431 [Worker-22] INFO  o.e.m.c.i.embedder.EclipseLogger - Using 'UTF-8' encoding to copy filtered resources.
2019-04-15 16:56:52,432 [Worker-22] INFO  o.e.m.c.i.embedder.EclipseLogger - skip non existing resourceDirectory /Users/sachin/Documents/RESTApiTests/RestApiTests/src/test/resources
2019-04-15 16:56:53,463 [Worker-25] INFO  o.e.m.c.i.embedder.EclipseLogger - Using 'UTF-8' encoding to copy filtered resources.
2019-04-15 16:56:53,463 [Worker-25] INFO  o.e.m.c.i.embedder.EclipseLogger - skip non existing resourceDirectory /Users/sachin/Documents/RESTApiTests/RestApiTests/src/main/resources
2019-04-15 16:56:53,464 [Worker-25] INFO  o.e.m.c.i.embedder.EclipseLogger - Using 'UTF-8' encoding to copy filtered resources.
2019-04-15 16:56:53,464 [Worker-25] INFO  o.e.m.c.i.embedder.EclipseLogger - skip non existing resourceDirectory /Users/sachin/Documents/RESTApiTests/RestApiTests/src/test/resources
2019-04-15 16:59:19,514 [Worker-30] INFO  o.e.m.c.i.l.LifecycleMappingFactory - Using org.eclipse.m2e.jdt.JarLifecycleMapping lifecycle mapping for MavenProject: com.RESTapiTests:RestApiTests:0.0.1-SNAPSHOT @ /Users/sachin/Documents/RESTApiTests/RestApiTests/pom.xml.
2019-04-15 16:59:19,645 [Worker-30] INFO  o.e.m.c.i.embedder.EclipseLogger - Using 'UTF-8' encoding to copy filtered resources.
2019-04-15 16:59:19,645 [Worker-30] INFO  o.e.m.c.i.embedder.EclipseLogger - skip non existing resourceDirectory /Users/sachin/Documents/RESTApiTests/RestApiTests/src/main/resources
2019-04-15 16:59:19,646 [Worker-30] INFO  o.e.m.c.i.embedder.EclipseLogger - Using 'UTF-8' encoding to copy filtered resources.
2019-04-15 16:59:19,646 [Worker-30] INFO  o.e.m.c.i.embedder.EclipseLogger - skip non existing resourceDirectory /Users/sachin/Documents/RESTApiTests/RestApiTests/src/test/resources
2019-04-15 16:59:27,561 [Worker-30] INFO  o.e.m.c.i.embedder.EclipseLogger - Using 'UTF-8' encoding to copy filtered resources.
2019-04-15 16:59:27,561 [Worker-30] INFO  o.e.m.c.i.embedder.EclipseLogger - skip non existing resourceDirectory /Users/sachin/Documents/RESTApiTests/RestApiTests/src/main/resources
2019-04-15 16:59:27,562 [Worker-30] INFO  o.e.m.c.i.embedder.EclipseLogger - Using 'UTF-8' encoding to copy filtered resources.
2019-04-15 16:59:27,562 [Worker-30] INFO  o.e.m.c.i.embedder.EclipseLogger - skip non existing resourceDirectory /Users/sachin/Documents/RESTApiTests/RestApiTests/src/test/resources
2019-04-15 16:59:40,274 [Worker-25] INFO  o.e.m.c.i.embedder.EclipseLogger - Using 'UTF-8' encoding to copy filtered resources.
2019-04-15 16:59:40,274 [Worker-25] INFO  o.e.m.c.i.embedder.EclipseLogger - skip non existing resourceDirectory /Users/sachin/Documents/RESTApiTests/RestApiTests/src/main/resources
2019-04-15 16:59:40,275 [Worker-25] INFO  o.e.m.c.i.embedder.EclipseLogger - Using 'UTF-8' encoding to copy filtered resources.
2019-04-15 16:59:40,275 [Worker-25] INFO  o.e.m.c.i.embedder.EclipseLogger - skip non existing resourceDirectory /Users/sachin/Documents/RESTApiTests/RestApiTests/src/test/resources
2019-04-15 17:00:44,100 [Worker-25] INFO  o.e.m.c.i.l.LifecycleMappingFactory - Using org.eclipse.m2e.jdt.JarLifecycleMapping lifecycle mapping for MavenProject: com.RESTapiTests:RestApiTests:0.0.1-SNAPSHOT @ /Users/sachin/Documents/RESTApiTests/RestApiTests/pom.xml.
2019-04-15 17:00:44,248 [Worker-25] INFO  o.e.m.c.i.embedder.EclipseLogger - Using 'UTF-8' encoding to copy filtered resources.
2019-04-15 17:00:44,248 [Worker-25] INFO  o.e.m.c.i.embedder.EclipseLogger - skip non existing resourceDirectory /Users/sachin/Documents/RESTApiTests/RestApiTests/src/main/resources
2019-04-15 17:00:44,250 [Worker-25] INFO  o.e.m.c.i.embedder.EclipseLogger - Using 'UTF-8' encoding to copy filtered resources.
2019-04-15 17:00:44,250 [Worker-25] INFO  o.e.m.c.i.embedder.EclipseLogger - skip non existing resourceDirectory /Users/sachin/Documents/RESTApiTests/RestApiTests/src/test/resources
2019-04-15 17:00:45,459 [Worker-22] INFO  o.e.m.c.i.embedder.EclipseLogger - Using 'UTF-8' encoding to copy filtered resources.
2019-04-15 17:00:45,459 [Worker-22] INFO  o.e.m.c.i.embedder.EclipseLogger - skip non existing resourceDirectory /Users/sachin/Documents/RESTApiTests/RestApiTests/src/main/resources
2019-04-15 17:00:45,460 [Worker-22] INFO  o.e.m.c.i.embedder.EclipseLogger - Using 'UTF-8' encoding to copy filtered resources.
2019-04-15 17:00:45,460 [Worker-22] INFO  o.e.m.c.i.embedder.EclipseLogger - skip non existing resourceDirectory /Users/sachin/Documents/RESTApiTests/RestApiTests/src/test/resources
2019-04-15 17:01:09,632 [Worker-31] INFO  o.e.m.c.i.embedder.EclipseLogger - Using 'UTF-8' encoding to copy filtered resources.
2019-04-15 17:01:09,632 [Worker-31] INFO  o.e.m.c.i.embedder.EclipseLogger - skip non existing resourceDirectory /Users/sachin/Documents/RESTApiTests/RestApiTests/src/main/resources
2019-04-15 17:01:09,633 [Worker-31] INFO  o.e.m.c.i.embedder.EclipseLogger - Using 'UTF-8' encoding to copy filtered resources.
2019-04-15 17:01:09,633 [Worker-31] INFO  o.e.m.c.i.embedder.EclipseLogger - skip non existing resourceDirectory /Users/sachin/Documents/RESTApiTests/RestApiTests/src/test/resources
2019-04-15 17:01:44,718 [Worker-25] INFO  o.e.m.c.i.embedder.EclipseLogger - Using 'UTF-8' encoding to copy filtered resources.
2019-04-15 17:01:44,718 [Worker-25] INFO  o.e.m.c.i.embedder.EclipseLogger - skip non existing resourceDirectory /Users/sachin/Documents/RESTApiTests/RestApiTests/src/main/resources
2019-04-15 17:01:44,719 [Worker-25] INFO  o.e.m.c.i.embedder.EclipseLogger - Using 'UTF-8' encoding to copy filtered resources.
2019-04-15 17:01:44,719 [Worker-25] INFO  o.e.m.c.i.embedder.EclipseLogger - skip non existing resourceDirectory /Users/sachin/Documents/RESTApiTests/RestApiTests/src/test/resources
2019-04-15 17:04:27,140 [Worker-33] INFO  o.e.m.c.i.embedder.EclipseLogger - Using 'UTF-8' encoding to copy filtered resources.
2019-04-15 17:04:27,140 [Worker-33] INFO  o.e.m.c.i.embedder.EclipseLogger - skip non existing resourceDirectory /Users/sachin/Documents/RESTApiTests/RestApiTests/src/main/resources
2019-04-15 17:04:27,140 [Worker-33] INFO  o.e.m.c.i.embedder.EclipseLogger - Using 'UTF-8' encoding to copy filtered resources.
2019-04-15 17:04:27,140 [Worker-33] INFO  o.e.m.c.i.embedder.EclipseLogger - skip non existing resourceDirectory /Users/sachin/Documents/RESTApiTests/RestApiTests/src/test/resources
2019-04-15 17:05:22,751 [Worker-31] INFO  o.e.m.c.i.embedder.EclipseLogger - Using 'UTF-8' encoding to copy filtered resources.
2019-04-15 17:05:22,751 [Worker-31] INFO  o.e.m.c.i.embedder.EclipseLogger - skip non existing resourceDirectory /Users/sachin/Documents/RESTApiTests/RestApiTests/src/main/resources
2019-04-15 17:05:22,751 [Worker-31] INFO  o.e.m.c.i.embedder.EclipseLogger - Using 'UTF-8' encoding to copy filtered resources.
2019-04-15 17:05:22,751 [Worker-31] INFO  o.e.m.c.i.embedder.EclipseLogger - skip non existing resourceDirectory /Users/sachin/Documents/RESTApiTests/RestApiTests/src/test/resources
2019-04-15 17:08:45,460 [Worker-31] INFO  o.e.m.c.i.embedder.EclipseLogger - Using 'UTF-8' encoding to copy filtered resources.
2019-04-15 17:08:45,460 [Worker-31] INFO  o.e.m.c.i.embedder.EclipseLogger - skip non existing resourceDirectory /Users/sachin/Documents/RESTApiTests/RestApiTests/src/main/resources
2019-04-15 17:08:45,461 [Worker-31] INFO  o.e.m.c.i.embedder.EclipseLogger - Using 'UTF-8' encoding to copy filtered resources.
2019-04-15 17:08:45,461 [Worker-31] INFO  o.e.m.c.i.embedder.EclipseLogger - skip non existing resourceDirectory /Users/sachin/Documents/RESTApiTests/RestApiTests/src/test/resources
2019-04-15 17:13:21,839 [Worker-22] INFO  o.e.m.c.i.embedder.EclipseLogger - Using 'UTF-8' encoding to copy filtered resources.
2019-04-15 17:13:21,840 [Worker-22] INFO  o.e.m.c.i.embedder.EclipseLogger - skip non existing resourceDirectory /Users/sachin/Documents/RESTApiTests/RestApiTests/src/main/resources
2019-04-15 17:13:21,842 [Worker-22] INFO  o.e.m.c.i.embedder.EclipseLogger - Using 'UTF-8' encoding to copy filtered resources.
2019-04-15 17:13:21,842 [Worker-22] INFO  o.e.m.c.i.embedder.EclipseLogger - skip non existing resourceDirectory /Users/sachin/Documents/RESTApiTests/RestApiTests/src/test/resources
2019-04-15 17:13:28,240 [Worker-34] INFO  o.e.m.c.i.embedder.EclipseLogger - Using 'UTF-8' encoding to copy filtered resources.
2019-04-15 17:13:28,240 [Worker-34] INFO  o.e.m.c.i.embedder.EclipseLogger - skip non existing resourceDirectory /Users/sachin/Documents/RESTApiTests/RestApiTests/src/main/resources
2019-04-15 17:13:28,241 [Worker-34] INFO  o.e.m.c.i.embedder.EclipseLogger - Using 'UTF-8' encoding to copy filtered resources.
2019-04-15 17:13:28,241 [Worker-34] INFO  o.e.m.c.i.embedder.EclipseLogger - skip non existing resourceDirectory /Users/sachin/Documents/RESTApiTests/RestApiTests/src/test/resources
2019-04-15 17:13:36,521 [Worker-34] INFO  o.e.m.c.i.embedder.EclipseLogger - Using 'UTF-8' encoding to copy filtered resources.
2019-04-15 17:13:36,521 [Worker-34] INFO  o.e.m.c.i.embedder.EclipseLogger - skip non existing resourceDirectory /Users/sachin/Documents/RESTApiTests/RestApiTests/src/main/resources
2019-04-15 17:13:36,521 [Worker-34] INFO  o.e.m.c.i.embedder.EclipseLogger - Using 'UTF-8' encoding to copy filtered resources.
2019-04-15 17:13:36,521 [Worker-34] INFO  o.e.m.c.i.embedder.EclipseLogger - skip non existing resourceDirectory /Users/sachin/Documents/RESTApiTests/RestApiTests/src/test/resources
2019-04-15 17:14:28,834 [Worker-34] INFO  o.e.m.c.i.embedder.EclipseLogger - Using 'UTF-8' encoding to copy filtered resources.
2019-04-15 17:14:28,834 [Worker-34] INFO  o.e.m.c.i.embedder.EclipseLogger - skip non existing resourceDirectory /Users/sachin/Documents/RESTApiTests/RestApiTests/src/main/resources
2019-04-15 17:14:28,835 [Worker-34] INFO  o.e.m.c.i.embedder.EclipseLogger - Using 'UTF-8' encoding to copy filtered resources.
2019-04-15 17:14:28,835 [Worker-34] INFO  o.e.m.c.i.embedder.EclipseLogger - skip non existing resourceDirectory /Users/sachin/Documents/RESTApiTests/RestApiTests/src/test/resources
2019-04-15 17:15:48,913 [Worker-34] INFO  o.e.m.c.i.embedder.EclipseLogger - Using 'UTF-8' encoding to copy filtered resources.
2019-04-15 17:15:48,913 [Worker-34] INFO  o.e.m.c.i.embedder.EclipseLogger - skip non existing resourceDirectory /Users/sachin/Documents/RESTApiTests/RestApiTests/src/main/resources
2019-04-15 17:15:48,914 [Worker-34] INFO  o.e.m.c.i.embedder.EclipseLogger - Using 'UTF-8' encoding to copy filtered resources.
2019-04-15 17:15:48,914 [Worker-34] INFO  o.e.m.c.i.embedder.EclipseLogger - skip non existing resourceDirectory /Users/sachin/Documents/RESTApiTests/RestApiTests/src/test/resources
2019-04-15 17:15:58,283 [Worker-30] INFO  o.e.m.c.i.embedder.EclipseLogger - Using 'UTF-8' encoding to copy filtered resources.
2019-04-15 17:15:58,283 [Worker-30] INFO  o.e.m.c.i.embedder.EclipseLogger - skip non existing resourceDirectory /Users/sachin/Documents/RESTApiTests/RestApiTests/src/main/resources
2019-04-15 17:15:58,284 [Worker-30] INFO  o.e.m.c.i.embedder.EclipseLogger - Using 'UTF-8' encoding to copy filtered resources.
2019-04-15 17:15:58,284 [Worker-30] INFO  o.e.m.c.i.embedder.EclipseLogger - skip non existing resourceDirectory /Users/sachin/Documents/RESTApiTests/RestApiTests/src/test/resources
2019-04-15 17:18:37,323 [Worker-34] INFO  o.e.m.c.i.embedder.EclipseLogger - Using 'UTF-8' encoding to copy filtered resources.
2019-04-15 17:18:37,323 [Worker-34] INFO  o.e.m.c.i.embedder.EclipseLogger - skip non existing resourceDirectory /Users/sachin/Documents/RESTApiTests/RestApiTests/src/main/resources
2019-04-15 17:18:37,323 [Worker-34] INFO  o.e.m.c.i.embedder.EclipseLogger - Using 'UTF-8' encoding to copy filtered resources.
2019-04-15 17:18:37,323 [Worker-34] INFO  o.e.m.c.i.embedder.EclipseLogger - skip non existing resourceDirectory /Users/sachin/Documents/RESTApiTests/RestApiTests/src/test/resources
2019-04-15 17:19:36,633 [Worker-34] INFO  o.e.m.c.i.embedder.EclipseLogger - Using 'UTF-8' encoding to copy filtered resources.
2019-04-15 17:19:36,633 [Worker-34] INFO  o.e.m.c.i.embedder.EclipseLogger - skip non existing resourceDirectory /Users/sachin/Documents/RESTApiTests/RestApiTests/src/main/resources
2019-04-15 17:19:36,633 [Worker-34] INFO  o.e.m.c.i.embedder.EclipseLogger - Using 'UTF-8' encoding to copy filtered resources.
2019-04-15 17:19:36,633 [Worker-34] INFO  o.e.m.c.i.embedder.EclipseLogger - skip non existing resourceDirectory /Users/sachin/Documents/RESTApiTests/RestApiTests/src/test/resources
2019-04-15 17:20:23,855 [Worker-22] INFO  o.e.m.c.i.embedder.EclipseLogger - Using 'UTF-8' encoding to copy filtered resources.
2019-04-15 17:20:23,855 [Worker-22] INFO  o.e.m.c.i.embedder.EclipseLogger - skip non existing resourceDirectory /Users/sachin/Documents/RESTApiTests/RestApiTests/src/main/resources
2019-04-15 17:20:23,857 [Worker-22] INFO  o.e.m.c.i.embedder.EclipseLogger - Using 'UTF-8' encoding to copy filtered resources.
2019-04-15 17:20:23,857 [Worker-22] INFO  o.e.m.c.i.embedder.EclipseLogger - skip non existing resourceDirectory /Users/sachin/Documents/RESTApiTests/RestApiTests/src/test/resources
2019-04-15 17:20:57,749 [Worker-35] INFO  o.e.m.c.i.embedder.EclipseLogger - Using 'UTF-8' encoding to copy filtered resources.
2019-04-15 17:20:57,749 [Worker-35] INFO  o.e.m.c.i.embedder.EclipseLogger - skip non existing resourceDirectory /Users/sachin/Documents/RESTApiTests/RestApiTests/src/main/resources
2019-04-15 17:20:57,750 [Worker-35] INFO  o.e.m.c.i.embedder.EclipseLogger - Using 'UTF-8' encoding to copy filtered resources.
2019-04-15 17:20:57,750 [Worker-35] INFO  o.e.m.c.i.embedder.EclipseLogger - skip non existing resourceDirectory /Users/sachin/Documents/RESTApiTests/RestApiTests/src/test/resources
2019-04-15 17:22:15,263 [Worker-25] INFO  o.e.m.c.i.embedder.EclipseLogger - Using 'UTF-8' encoding to copy filtered resources.
2019-04-15 17:22:15,263 [Worker-25] INFO  o.e.m.c.i.embedder.EclipseLogger - skip non existing resourceDirectory /Users/sachin/Documents/RESTApiTests/RestApiTests/src/main/resources
2019-04-15 17:22:15,264 [Worker-25] INFO  o.e.m.c.i.embedder.EclipseLogger - Using 'UTF-8' encoding to copy filtered resources.
2019-04-15 17:22:15,264 [Worker-25] INFO  o.e.m.c.i.embedder.EclipseLogger - skip non existing resourceDirectory /Users/sachin/Documents/RESTApiTests/RestApiTests/src/test/resources
2019-04-15 17:24:18,024 [Worker-36] INFO  o.e.m.c.i.embedder.EclipseLogger - Using 'UTF-8' encoding to copy filtered resources.
2019-04-15 17:24:18,024 [Worker-36] INFO  o.e.m.c.i.embedder.EclipseLogger - skip non existing resourceDirectory /Users/sachin/Documents/RESTApiTests/RestApiTests/src/main/resources
2019-04-15 17:24:18,024 [Worker-36] INFO  o.e.m.c.i.embedder.EclipseLogger - Using 'UTF-8' encoding to copy filtered resources.
2019-04-15 17:24:18,024 [Worker-36] INFO  o.e.m.c.i.embedder.EclipseLogger - skip non existing resourceDirectory /Users/sachin/Documents/RESTApiTests/RestApiTests/src/test/resources
2019-04-15 17:24:19,377 [Worker-36] INFO  o.e.m.c.i.embedder.EclipseLogger - Using 'UTF-8' encoding to copy filtered resources.
2019-04-15 17:24:19,377 [Worker-36] INFO  o.e.m.c.i.embedder.EclipseLogger - skip non existing resourceDirectory /Users/sachin/Documents/RESTApiTests/RestApiTests/src/main/resources
2019-04-15 17:24:19,377 [Worker-36] INFO  o.e.m.c.i.embedder.EclipseLogger - Using 'UTF-8' encoding to copy filtered resources.
2019-04-15 17:24:19,377 [Worker-36] INFO  o.e.m.c.i.embedder.EclipseLogger - skip non existing resourceDirectory /Users/sachin/Documents/RESTApiTests/RestApiTests/src/test/resources
2019-04-15 17:25:02,232 [Worker-37] INFO  o.e.m.c.i.embedder.EclipseLogger - Using 'UTF-8' encoding to copy filtered resources.
2019-04-15 17:25:02,232 [Worker-37] INFO  o.e.m.c.i.embedder.EclipseLogger - skip non existing resourceDirectory /Users/sachin/Documents/RESTApiTests/RestApiTests/src/main/resources
2019-04-15 17:25:02,233 [Worker-37] INFO  o.e.m.c.i.embedder.EclipseLogger - Using 'UTF-8' encoding to copy filtered resources.
2019-04-15 17:25:02,233 [Worker-37] INFO  o.e.m.c.i.embedder.EclipseLogger - skip non existing resourceDirectory /Users/sachin/Documents/RESTApiTests/RestApiTests/src/test/resources
2019-04-15 17:25:43,555 [Worker-35] INFO  o.e.m.c.i.embedder.EclipseLogger - Using 'UTF-8' encoding to copy filtered resources.
2019-04-15 17:25:43,555 [Worker-35] INFO  o.e.m.c.i.embedder.EclipseLogger - skip non existing resourceDirectory /Users/sachin/Documents/RESTApiTests/RestApiTests/src/main/resources
2019-04-15 17:25:43,556 [Worker-35] INFO  o.e.m.c.i.embedder.EclipseLogger - Using 'UTF-8' encoding to copy filtered resources.
2019-04-15 17:25:43,556 [Worker-35] INFO  o.e.m.c.i.embedder.EclipseLogger - skip non existing resourceDirectory /Users/sachin/Documents/RESTApiTests/RestApiTests/src/test/resources
2019-04-15 17:26:31,415 [Worker-25] INFO  o.e.m.c.i.embedder.EclipseLogger - Using 'UTF-8' encoding to copy filtered resources.
2019-04-15 17:26:31,415 [Worker-25] INFO  o.e.m.c.i.embedder.EclipseLogger - skip non existing resourceDirectory /Users/sachin/Documents/RESTApiTests/RestApiTests/src/main/resources
2019-04-15 17:26:31,416 [Worker-25] INFO  o.e.m.c.i.embedder.EclipseLogger - Using 'UTF-8' encoding to copy filtered resources.
2019-04-15 17:26:31,416 [Worker-25] INFO  o.e.m.c.i.embedder.EclipseLogger - skip non existing resourceDirectory /Users/sachin/Documents/RESTApiTests/RestApiTests/src/test/resources
2019-04-15 17:26:52,679 [Worker-39] INFO  o.e.m.c.i.embedder.EclipseLogger - Using 'UTF-8' encoding to copy filtered resources.
2019-04-15 17:26:52,679 [Worker-39] INFO  o.e.m.c.i.embedder.EclipseLogger - skip non existing resourceDirectory /Users/sachin/Documents/RESTApiTests/RestApiTests/src/main/resources
2019-04-15 17:26:52,680 [Worker-39] INFO  o.e.m.c.i.embedder.EclipseLogger - Using 'UTF-8' encoding to copy filtered resources.
2019-04-15 17:26:52,680 [Worker-39] INFO  o.e.m.c.i.embedder.EclipseLogger - skip non existing resourceDirectory /Users/sachin/Documents/RESTApiTests/RestApiTests/src/test/resources
2019-04-15 17:42:37,874 [Worker-50] INFO  o.e.m.c.i.embedder.EclipseLogger - Using 'UTF-8' encoding to copy filtered resources.
2019-04-15 17:42:37,875 [Worker-50] INFO  o.e.m.c.i.embedder.EclipseLogger - skip non existing resourceDirectory /Users/sachin/Documents/RESTApiTests/RestApiTests/src/main/resources
2019-04-15 17:42:37,875 [Worker-50] INFO  o.e.m.c.i.embedder.EclipseLogger - Using 'UTF-8' encoding to copy filtered resources.
2019-04-15 17:42:37,875 [Worker-50] INFO  o.e.m.c.i.embedder.EclipseLogger - skip non existing resourceDirectory /Users/sachin/Documents/RESTApiTests/RestApiTests/src/test/resources
2019-04-15 17:48:38,913 [Worker-39] INFO  o.e.m.c.i.embedder.EclipseLogger - Using 'UTF-8' encoding to copy filtered resources.
2019-04-15 17:48:38,913 [Worker-39] INFO  o.e.m.c.i.embedder.EclipseLogger - skip non existing resourceDirectory /Users/sachin/Documents/RESTApiTests/RestApiTests/src/main/resources
2019-04-15 17:48:38,913 [Worker-39] INFO  o.e.m.c.i.embedder.EclipseLogger - Using 'UTF-8' encoding to copy filtered resources.
2019-04-15 17:48:38,914 [Worker-39] INFO  o.e.m.c.i.embedder.EclipseLogger - skip non existing resourceDirectory /Users/sachin/Documents/RESTApiTests/RestApiTests/src/test/resources
2019-04-15 17:49:13,687 [Worker-56] INFO  o.e.m.c.i.embedder.EclipseLogger - Using 'UTF-8' encoding to copy filtered resources.
2019-04-15 17:49:13,687 [Worker-56] INFO  o.e.m.c.i.embedder.EclipseLogger - skip non existing resourceDirectory /Users/sachin/Documents/RESTApiTests/RestApiTests/src/main/resources
2019-04-15 17:49:13,688 [Worker-56] INFO  o.e.m.c.i.embedder.EclipseLogger - Using 'UTF-8' encoding to copy filtered resources.
2019-04-15 17:49:13,688 [Worker-56] INFO  o.e.m.c.i.embedder.EclipseLogger - skip non existing resourceDirectory /Users/sachin/Documents/RESTApiTests/RestApiTests/src/test/resources
2019-04-15 17:50:56,552 [Worker-54] INFO  o.e.m.c.i.embedder.EclipseLogger - Using 'UTF-8' encoding to copy filtered resources.
2019-04-15 17:50:56,552 [Worker-54] INFO  o.e.m.c.i.embedder.EclipseLogger - skip non existing resourceDirectory /Users/sachin/Documents/RESTApiTests/RestApiTests/src/main/resources
2019-04-15 17:50:56,553 [Worker-54] INFO  o.e.m.c.i.embedder.EclipseLogger - Using 'UTF-8' encoding to copy filtered resources.
2019-04-15 17:50:56,553 [Worker-54] INFO  o.e.m.c.i.embedder.EclipseLogger - skip non existing resourceDirectory /Users/sachin/Documents/RESTApiTests/RestApiTests/src/test/resources
2019-04-15 18:21:44,060 [Worker-61] INFO  o.e.m.c.i.embedder.EclipseLogger - Using 'UTF-8' encoding to copy filtered resources.
2019-04-15 18:21:44,061 [Worker-61] INFO  o.e.m.c.i.embedder.EclipseLogger - skip non existing resourceDirectory /Users/sachin/Documents/RESTApiTests/RestApiTests/src/main/resources
2019-04-15 18:21:44,061 [Worker-61] INFO  o.e.m.c.i.embedder.EclipseLogger - Using 'UTF-8' encoding to copy filtered resources.
2019-04-15 18:21:44,061 [Worker-61] INFO  o.e.m.c.i.embedder.EclipseLogger - skip non existing resourceDirectory /Users/sachin/Documents/RESTApiTests/RestApiTests/src/test/resources
2019-04-15 18:24:00,355 [Worker-61] INFO  o.e.m.c.i.embedder.EclipseLogger - Using 'UTF-8' encoding to copy filtered resources.
2019-04-15 18:24:00,355 [Worker-61] INFO  o.e.m.c.i.embedder.EclipseLogger - skip non existing resourceDirectory /Users/sachin/Documents/RESTApiTests/RestApiTests/src/main/resources
2019-04-15 18:24:00,356 [Worker-61] INFO  o.e.m.c.i.embedder.EclipseLogger - Using 'UTF-8' encoding to copy filtered resources.
2019-04-15 18:24:00,356 [Worker-61] INFO  o.e.m.c.i.embedder.EclipseLogger - skip non existing resourceDirectory /Users/sachin/Documents/RESTApiTests/RestApiTests/src/test/resources
2019-04-15 18:24:42,500 [Worker-64] INFO  o.e.m.c.i.embedder.EclipseLogger - Using 'UTF-8' encoding to copy filtered resources.
2019-04-15 18:24:42,501 [Worker-64] INFO  o.e.m.c.i.embedder.EclipseLogger - skip non existing resourceDirectory /Users/sachin/Documents/RESTApiTests/RestApiTests/src/main/resources
2019-04-15 18:24:42,501 [Worker-64] INFO  o.e.m.c.i.embedder.EclipseLogger - Using 'UTF-8' encoding to copy filtered resources.
2019-04-15 18:24:42,501 [Worker-64] INFO  o.e.m.c.i.embedder.EclipseLogger - skip non existing resourceDirectory /Users/sachin/Documents/RESTApiTests/RestApiTests/src/test/resources
2019-04-15 18:26:03,734 [Worker-61] INFO  o.e.m.c.i.embedder.EclipseLogger - Using 'UTF-8' encoding to copy filtered resources.
2019-04-15 18:26:03,734 [Worker-61] INFO  o.e.m.c.i.embedder.EclipseLogger - skip non existing resourceDirectory /Users/sachin/Documents/RESTApiTests/RestApiTests/src/main/resources
2019-04-15 18:26:03,736 [Worker-61] INFO  o.e.m.c.i.embedder.EclipseLogger - Using 'UTF-8' encoding to copy filtered resources.
2019-04-15 18:26:03,736 [Worker-61] INFO  o.e.m.c.i.embedder.EclipseLogger - skip non existing resourceDirectory /Users/sachin/Documents/RESTApiTests/RestApiTests/src/test/resources
2019-04-15 18:26:31,112 [Worker-62] INFO  o.e.m.c.i.embedder.EclipseLogger - Using 'UTF-8' encoding to copy filtered resources.
2019-04-15 18:26:31,112 [Worker-62] INFO  o.e.m.c.i.embedder.EclipseLogger - skip non existing resourceDirectory /Users/sachin/Documents/RESTApiTests/RestApiTests/src/main/resources
2019-04-15 18:26:31,113 [Worker-62] INFO  o.e.m.c.i.embedder.EclipseLogger - Using 'UTF-8' encoding to copy filtered resources.
2019-04-15 18:26:31,113 [Worker-62] INFO  o.e.m.c.i.embedder.EclipseLogger - skip non existing resourceDirectory /Users/sachin/Documents/RESTApiTests/RestApiTests/src/test/resources
2019-04-15 18:26:41,309 [Worker-65] INFO  o.e.m.c.i.embedder.EclipseLogger - Using 'UTF-8' encoding to copy filtered resources.
2019-04-15 18:26:41,309 [Worker-65] INFO  o.e.m.c.i.embedder.EclipseLogger - skip non existing resourceDirectory /Users/sachin/Documents/RESTApiTests/RestApiTests/src/main/resources
2019-04-15 18:26:41,309 [Worker-65] INFO  o.e.m.c.i.embedder.EclipseLogger - Using 'UTF-8' encoding to copy filtered resources.
2019-04-15 18:26:41,309 [Worker-65] INFO  o.e.m.c.i.embedder.EclipseLogger - skip non existing resourceDirectory /Users/sachin/Documents/RESTApiTests/RestApiTests/src/test/resources
2019-04-15 18:27:11,854 [Worker-57] INFO  o.e.m.c.i.embedder.EclipseLogger - Using 'UTF-8' encoding to copy filtered resources.
2019-04-15 18:27:11,854 [Worker-57] INFO  o.e.m.c.i.embedder.EclipseLogger - skip non existing resourceDirectory /Users/sachin/Documents/RESTApiTests/RestApiTests/src/main/resources
2019-04-15 18:27:11,854 [Worker-57] INFO  o.e.m.c.i.embedder.EclipseLogger - Using 'UTF-8' encoding to copy filtered resources.
2019-04-15 18:27:11,854 [Worker-57] INFO  o.e.m.c.i.embedder.EclipseLogger - skip non existing resourceDirectory /Users/sachin/Documents/RESTApiTests/RestApiTests/src/test/resources
2019-04-15 18:27:29,451 [Worker-62] INFO  o.e.m.c.i.embedder.EclipseLogger - Using 'UTF-8' encoding to copy filtered resources.
2019-04-15 18:27:29,451 [Worker-62] INFO  o.e.m.c.i.embedder.EclipseLogger - skip non existing resourceDirectory /Users/sachin/Documents/RESTApiTests/RestApiTests/src/main/resources
2019-04-15 18:27:29,452 [Worker-62] INFO  o.e.m.c.i.embedder.EclipseLogger - Using 'UTF-8' encoding to copy filtered resources.
2019-04-15 18:27:29,452 [Worker-62] INFO  o.e.m.c.i.embedder.EclipseLogger - skip non existing resourceDirectory /Users/sachin/Documents/RESTApiTests/RestApiTests/src/test/resources
2019-04-15 18:28:20,557 [Worker-65] INFO  o.e.m.c.i.embedder.EclipseLogger - Using 'UTF-8' encoding to copy filtered resources.
2019-04-15 18:28:20,557 [Worker-65] INFO  o.e.m.c.i.embedder.EclipseLogger - skip non existing resourceDirectory /Users/sachin/Documents/RESTApiTests/RestApiTests/src/main/resources
2019-04-15 18:28:20,557 [Worker-65] INFO  o.e.m.c.i.embedder.EclipseLogger - Using 'UTF-8' encoding to copy filtered resources.
2019-04-15 18:28:20,557 [Worker-65] INFO  o.e.m.c.i.embedder.EclipseLogger - skip non existing resourceDirectory /Users/sachin/Documents/RESTApiTests/RestApiTests/src/test/resources
2019-04-15 18:33:51,540 [Worker-57] INFO  o.e.m.c.i.embedder.EclipseLogger - Using 'UTF-8' encoding to copy filtered resources.
2019-04-15 18:33:51,540 [Worker-57] INFO  o.e.m.c.i.embedder.EclipseLogger - skip non existing resourceDirectory /Users/sachin/Documents/RESTApiTests/RestApiTests/src/main/resources
2019-04-15 18:33:51,541 [Worker-57] INFO  o.e.m.c.i.embedder.EclipseLogger - Using 'UTF-8' encoding to copy filtered resources.
2019-04-15 18:33:51,541 [Worker-57] INFO  o.e.m.c.i.embedder.EclipseLogger - skip non existing resourceDirectory /Users/sachin/Documents/RESTApiTests/RestApiTests/src/test/resources
2019-04-15 18:39:35,970 [Worker-72] INFO  o.e.m.c.i.embedder.EclipseLogger - Using 'UTF-8' encoding to copy filtered resources.
2019-04-15 18:39:35,970 [Worker-72] INFO  o.e.m.c.i.embedder.EclipseLogger - skip non existing resourceDirectory /Users/sachin/Documents/RESTApiTests/RestApiTests/src/main/resources
2019-04-15 18:39:35,971 [Worker-72] INFO  o.e.m.c.i.embedder.EclipseLogger - Using 'UTF-8' encoding to copy filtered resources.
2019-04-15 18:39:35,971 [Worker-72] INFO  o.e.m.c.i.embedder.EclipseLogger - skip non existing resourceDirectory /Users/sachin/Documents/RESTApiTests/RestApiTests/src/test/resources
2019-04-15 18:40:48,396 [Worker-73] INFO  o.e.m.c.i.embedder.EclipseLogger - Using 'UTF-8' encoding to copy filtered resources.
2019-04-15 18:40:48,396 [Worker-73] INFO  o.e.m.c.i.embedder.EclipseLogger - skip non existing resourceDirectory /Users/sachin/Documents/RESTApiTests/RestApiTests/src/main/resources
2019-04-15 18:40:48,397 [Worker-73] INFO  o.e.m.c.i.embedder.EclipseLogger - Using 'UTF-8' encoding to copy filtered resources.
2019-04-15 18:40:48,397 [Worker-73] INFO  o.e.m.c.i.embedder.EclipseLogger - skip non existing resourceDirectory /Users/sachin/Documents/RESTApiTests/RestApiTests/src/test/resources
2019-04-15 18:50:05,321 [Worker-73] INFO  o.e.m.c.i.embedder.EclipseLogger - Using 'UTF-8' encoding to copy filtered resources.
2019-04-15 18:50:05,321 [Worker-73] INFO  o.e.m.c.i.embedder.EclipseLogger - skip non existing resourceDirectory /Users/sachin/Documents/RESTApiTests/RestApiTests/src/main/resources
2019-04-15 18:50:05,322 [Worker-73] INFO  o.e.m.c.i.embedder.EclipseLogger - Using 'UTF-8' encoding to copy filtered resources.
2019-04-15 18:50:05,322 [Worker-73] INFO  o.e.m.c.i.embedder.EclipseLogger - skip non existing resourceDirectory /Users/sachin/Documents/RESTApiTests/RestApiTests/src/test/resources
2019-04-15 18:50:19,897 [Worker-78] INFO  o.e.m.c.i.embedder.EclipseLogger - Using 'UTF-8' encoding to copy filtered resources.
2019-04-15 18:50:19,897 [Worker-78] INFO  o.e.m.c.i.embedder.EclipseLogger - skip non existing resourceDirectory /Users/sachin/Documents/RESTApiTests/RestApiTests/src/main/resources
2019-04-15 18:50:19,898 [Worker-78] INFO  o.e.m.c.i.embedder.EclipseLogger - Using 'UTF-8' encoding to copy filtered resources.
2019-04-15 18:50:19,898 [Worker-78] INFO  o.e.m.c.i.embedder.EclipseLogger - skip non existing resourceDirectory /Users/sachin/Documents/RESTApiTests/RestApiTests/src/test/resources
2019-04-15 18:50:47,961 [Worker-73] INFO  o.e.m.c.i.embedder.EclipseLogger - Using 'UTF-8' encoding to copy filtered resources.
2019-04-15 18:50:47,962 [Worker-73] INFO  o.e.m.c.i.embedder.EclipseLogger - skip non existing resourceDirectory /Users/sachin/Documents/RESTApiTests/RestApiTests/src/main/resources
2019-04-15 18:50:47,962 [Worker-73] INFO  o.e.m.c.i.embedder.EclipseLogger - Using 'UTF-8' encoding to copy filtered resources.
2019-04-15 18:50:47,962 [Worker-73] INFO  o.e.m.c.i.embedder.EclipseLogger - skip non existing resourceDirectory /Users/sachin/Documents/RESTApiTests/RestApiTests/src/test/resources
2019-04-15 18:53:19,001 [Worker-77] INFO  o.e.m.c.i.embedder.EclipseLogger - Using 'UTF-8' encoding to copy filtered resources.
2019-04-15 18:53:19,002 [Worker-77] INFO  o.e.m.c.i.embedder.EclipseLogger - skip non existing resourceDirectory /Users/sachin/Documents/RESTApiTests/RestApiTests/src/main/resources
2019-04-15 18:53:19,002 [Worker-77] INFO  o.e.m.c.i.embedder.EclipseLogger - Using 'UTF-8' encoding to copy filtered resources.
2019-04-15 18:53:19,002 [Worker-77] INFO  o.e.m.c.i.embedder.EclipseLogger - skip non existing resourceDirectory /Users/sachin/Documents/RESTApiTests/RestApiTests/src/test/resources
2019-04-15 18:55:48,433 [Worker-77] INFO  o.e.m.c.i.embedder.EclipseLogger - Using 'UTF-8' encoding to copy filtered resources.
2019-04-15 18:55:48,433 [Worker-77] INFO  o.e.m.c.i.embedder.EclipseLogger - skip non existing resourceDirectory /Users/sachin/Documents/RESTApiTests/RestApiTests/src/main/resources
2019-04-15 18:55:48,434 [Worker-77] INFO  o.e.m.c.i.embedder.EclipseLogger - Using 'UTF-8' encoding to copy filtered resources.
2019-04-15 18:55:48,434 [Worker-77] INFO  o.e.m.c.i.embedder.EclipseLogger - skip non existing resourceDirectory /Users/sachin/Documents/RESTApiTests/RestApiTests/src/test/resources
2019-04-15 18:56:04,906 [Worker-80] INFO  o.e.m.c.i.embedder.EclipseLogger - Using 'UTF-8' encoding to copy filtered resources.
2019-04-15 18:56:04,906 [Worker-80] INFO  o.e.m.c.i.embedder.EclipseLogger - skip non existing resourceDirectory /Users/sachin/Documents/RESTApiTests/RestApiTests/src/main/resources
2019-04-15 18:56:04,907 [Worker-80] INFO  o.e.m.c.i.embedder.EclipseLogger - Using 'UTF-8' encoding to copy filtered resources.
2019-04-15 18:56:04,907 [Worker-80] INFO  o.e.m.c.i.embedder.EclipseLogger - skip non existing resourceDirectory /Users/sachin/Documents/RESTApiTests/RestApiTests/src/test/resources
2019-04-15 18:56:39,409 [Worker-77] INFO  o.e.m.c.i.embedder.EclipseLogger - Using 'UTF-8' encoding to copy filtered resources.
2019-04-15 18:56:39,409 [Worker-77] INFO  o.e.m.c.i.embedder.EclipseLogger - skip non existing resourceDirectory /Users/sachin/Documents/RESTApiTests/RestApiTests/src/main/resources
2019-04-15 18:56:39,410 [Worker-77] INFO  o.e.m.c.i.embedder.EclipseLogger - Using 'UTF-8' encoding to copy filtered resources.
2019-04-15 18:56:39,410 [Worker-77] INFO  o.e.m.c.i.embedder.EclipseLogger - skip non existing resourceDirectory /Users/sachin/Documents/RESTApiTests/RestApiTests/src/test/resources
2019-04-15 18:57:59,059 [Worker-83] INFO  o.e.m.c.i.embedder.EclipseLogger - Using 'UTF-8' encoding to copy filtered resources.
2019-04-15 18:57:59,059 [Worker-83] INFO  o.e.m.c.i.embedder.EclipseLogger - skip non existing resourceDirectory /Users/sachin/Documents/RESTApiTests/RestApiTests/src/main/resources
2019-04-15 18:57:59,059 [Worker-83] INFO  o.e.m.c.i.embedder.EclipseLogger - Using 'UTF-8' encoding to copy filtered resources.
2019-04-15 18:57:59,060 [Worker-83] INFO  o.e.m.c.i.embedder.EclipseLogger - skip non existing resourceDirectory /Users/sachin/Documents/RESTApiTests/RestApiTests/src/test/resources
2019-04-15 19:03:48,392 [Worker-80] INFO  o.e.m.c.i.embedder.EclipseLogger - Using 'UTF-8' encoding to copy filtered resources.
2019-04-15 19:03:48,393 [Worker-80] INFO  o.e.m.c.i.embedder.EclipseLogger - skip non existing resourceDirectory /Users/sachin/Documents/RESTApiTests/RestApiTests/src/main/resources
2019-04-15 19:03:48,393 [Worker-80] INFO  o.e.m.c.i.embedder.EclipseLogger - Using 'UTF-8' encoding to copy filtered resources.
2019-04-15 19:03:48,393 [Worker-80] INFO  o.e.m.c.i.embedder.EclipseLogger - skip non existing resourceDirectory /Users/sachin/Documents/RESTApiTests/RestApiTests/src/test/resources
2019-04-15 19:05:21,387 [Worker-85] INFO  o.e.m.c.i.embedder.EclipseLogger - Using 'UTF-8' encoding to copy filtered resources.
2019-04-15 19:05:21,387 [Worker-85] INFO  o.e.m.c.i.embedder.EclipseLogger - skip non existing resourceDirectory /Users/sachin/Documents/RESTApiTests/RestApiTests/src/main/resources
2019-04-15 19:05:21,387 [Worker-85] INFO  o.e.m.c.i.embedder.EclipseLogger - Using 'UTF-8' encoding to copy filtered resources.
2019-04-15 19:05:21,387 [Worker-85] INFO  o.e.m.c.i.embedder.EclipseLogger - skip non existing resourceDirectory /Users/sachin/Documents/RESTApiTests/RestApiTests/src/test/resources
2019-04-15 19:06:35,088 [Worker-85] INFO  o.e.m.c.i.embedder.EclipseLogger - Using 'UTF-8' encoding to copy filtered resources.
2019-04-15 19:06:35,088 [Worker-85] INFO  o.e.m.c.i.embedder.EclipseLogger - skip non existing resourceDirectory /Users/sachin/Documents/RESTApiTests/RestApiTests/src/main/resources
2019-04-15 19:06:35,089 [Worker-85] INFO  o.e.m.c.i.embedder.EclipseLogger - Using 'UTF-8' encoding to copy filtered resources.
2019-04-15 19:06:35,089 [Worker-85] INFO  o.e.m.c.i.embedder.EclipseLogger - skip non existing resourceDirectory /Users/sachin/Documents/RESTApiTests/RestApiTests/src/test/resources
2019-04-15 19:06:54,102 [Worker-88] INFO  o.e.m.c.i.embedder.EclipseLogger - Using 'UTF-8' encoding to copy filtered resources.
2019-04-15 19:06:54,103 [Worker-88] INFO  o.e.m.c.i.embedder.EclipseLogger - skip non existing resourceDirectory /Users/sachin/Documents/RESTApiTests/RestApiTests/src/main/resources
2019-04-15 19:06:54,103 [Worker-88] INFO  o.e.m.c.i.embedder.EclipseLogger - Using 'UTF-8' encoding to copy filtered resources.
2019-04-15 19:06:54,103 [Worker-88] INFO  o.e.m.c.i.embedder.EclipseLogger - skip non existing resourceDirectory /Users/sachin/Documents/RESTApiTests/RestApiTests/src/test/resources
2019-04-15 19:08:28,592 [Worker-81] INFO  o.e.m.c.i.embedder.EclipseLogger - Using 'UTF-8' encoding to copy filtered resources.
2019-04-15 19:08:28,593 [Worker-81] INFO  o.e.m.c.i.embedder.EclipseLogger - skip non existing resourceDirectory /Users/sachin/Documents/RESTApiTests/RestApiTests/src/main/resources
2019-04-15 19:08:28,593 [Worker-81] INFO  o.e.m.c.i.embedder.EclipseLogger - Using 'UTF-8' encoding to copy filtered resources.
2019-04-15 19:08:28,593 [Worker-81] INFO  o.e.m.c.i.embedder.EclipseLogger - skip non existing resourceDirectory /Users/sachin/Documents/RESTApiTests/RestApiTests/src/test/resources
2019-04-15 19:08:58,104 [Worker-86] INFO  o.e.m.c.i.embedder.EclipseLogger - Using 'UTF-8' encoding to copy filtered resources.
2019-04-15 19:08:58,104 [Worker-86] INFO  o.e.m.c.i.embedder.EclipseLogger - skip non existing resourceDirectory /Users/sachin/Documents/RESTApiTests/RestApiTests/src/main/resources
2019-04-15 19:08:58,105 [Worker-86] INFO  o.e.m.c.i.embedder.EclipseLogger - Using 'UTF-8' encoding to copy filtered resources.
2019-04-15 19:08:58,105 [Worker-86] INFO  o.e.m.c.i.embedder.EclipseLogger - skip non existing resourceDirectory /Users/sachin/Documents/RESTApiTests/RestApiTests/src/test/resources
2019-04-15 19:09:50,238 [Worker-88] INFO  o.e.m.c.i.embedder.EclipseLogger - Using 'UTF-8' encoding to copy filtered resources.
2019-04-15 19:09:50,238 [Worker-88] INFO  o.e.m.c.i.embedder.EclipseLogger - skip non existing resourceDirectory /Users/sachin/Documents/RESTApiTests/RestApiTests/src/main/resources
2019-04-15 19:09:50,238 [Worker-88] INFO  o.e.m.c.i.embedder.EclipseLogger - Using 'UTF-8' encoding to copy filtered resources.
2019-04-15 19:09:50,238 [Worker-88] INFO  o.e.m.c.i.embedder.EclipseLogger - skip non existing resourceDirectory /Users/sachin/Documents/RESTApiTests/RestApiTests/src/test/resources
